{"/home/jauhary/dev/vue/vue-code-coverage/src/components/HelloWorld.vue": {"path":"/home/jauhary/dev/vue/vue-code-coverage/src/components/HelloWorld.vue","statementMap":{"0":{"start":{"line":16,"column":0},"end":{"line":16,"column":null}},"1":{"start":{"line":22,"column":0},"end":{"line":22,"column":null}}},"fnMap":{"0":{"name":"(anonymous_1)","decl":{"start":{"line":15,"column":0},"end":{"line":15,"column":null}},"loc":{"start":{"line":15,"column":0},"end":{"line":19,"column":null}}},"1":{"name":"(anonymous_2)","decl":{"start":{"line":21,"column":0},"end":{"line":21,"column":null}},"loc":{"start":{"line":21,"column":0},"end":{"line":23,"column":null}}}},"branchMap":{},"s":{"0":1,"1":1},"f":{"0":1,"1":1},"b":{}}
,"/home/jauhary/dev/vue/vue-code-coverage/src/views/Home.vue": {"path":"/home/jauhary/dev/vue/vue-code-coverage/src/views/Home.vue","statementMap":{"0":{"start":{"line":10,"column":0},"end":{"line":10,"column":null}}},"fnMap":{},"branchMap":{},"s":{"0":0},"f":{},"b":{}}
}
